<?xml version="1.0" encoding="UTF-8"?>
<testng-results ignored="0" total="1" passed="1" failed="0" skipped="0">
  <reporter-output>
  </reporter-output>
  <suite started-at="2019-08-31T01:34:24 EDT" name="Default suite" finished-at="2019-08-31T01:34:40 EDT" duration-ms="16510">
    <groups>
    </groups>
    <test started-at="2019-08-31T01:34:24 EDT" name="Default test" finished-at="2019-08-31T01:34:40 EDT" duration-ms="16510">
      <class name="TestCases.Loginapplication">
        <test-method signature="Login()[pri:0, instance:TestCases.Loginapplication@5ad851c9]" started-at="2019-08-31T01:34:24 EDT" name="Login" finished-at="2019-08-31T01:34:40 EDT" duration-ms="16458" status="PASS">
          <reporter-output>
          </reporter-output>
        </test-method> <!-- Login -->
      </class> <!-- TestCases.Loginapplication -->
    </test> <!-- Default test -->
  </suite> <!-- Default suite -->
</testng-results>
